Fetching stats for player ID: WillCa03
Fetched stats for WillCa03, sleeping for 0.60
Fetching stats for player ID: DaniJa02
Fetched stats for DaniJa02, sleeping for 1.79
Fetching stats for player ID: MayeDr00
Fetched stats for MayeDr00, sleeping for 1.52
Fetching stats for player ID: HarrMa09
Fetched stats for HarrMa09, sleeping for 0.41
Fetching stats for player ID: AltxJo01
Fetched stats for AltxJo01, sleeping for 1.01
Fetching stats for player ID: NabeMa00
Fetched stats for NabeMa00, sleeping for 1.53
Fetching stats for player ID: LathJC00
Fetched stats for LathJC00, sleeping for 0.15
Fetching stats for player ID: PeniMi00
Fetched stats for PeniMi00, sleeping for 1.96
Fetching stats for player ID: OdunRo00
Fetched stats for OdunRo00, sleeping for 0.47
Fetching stats for player ID: McCaJJ00
Fetched stats for McCaJJ00, sleeping for 0.90
Fetching stats for player ID: FashOl00
Fetched stats for FashOl00, sleeping for 1.12
Fetching stats for player ID: NixxBo00
Fetched stats for NixxBo00, sleeping for 1.07
Fetching stats for player ID: BoweBr01
Fetched stats for BoweBr01, sleeping for 1.20
Fetching stats for player ID: FuagTa00
Fetched stats for FuagTa00, sleeping for 1.62
Fetching stats for player ID: LatuLa00
Fetched stats for LatuLa00, sleeping for 0.80
Fetching stats for player ID: MurpBy01
Fetched stats for MurpBy01, sleeping for 1.53
Fetching stats for player ID: TurnDa01
Fetched stats for TurnDa01, sleeping for 0.25
Fetching stats for player ID: MimsAm00
Fetched stats for MimsAm00, sleeping for 1.92
Fetching stats for player ID: VersJa00
Fetched stats for VersJa00, sleeping for 0.80
Fetching stats for player ID: FautTr00
Fetched stats for FautTr00, sleeping for 1.91
Fetching stats for player ID: RobiCh00
Fetched stats for RobiCh00, sleeping for 1.37
Fetching stats for player ID: MitcQu00
Fetched stats for MitcQu00, sleeping for 0.97
Fetching stats for player ID: ThomBr06
Fetched stats for ThomBr06, sleeping for 0.71
Fetching stats for player ID: ArnoTe00
Fetched stats for ArnoTe00, sleeping for 1.19
Fetching stats for player ID: MorgJo03
Fetched stats for MorgJo03, sleeping for 0.26
Fetching stats for player ID: BartGr00
Fetched stats for BartGr00, sleeping for 1.72
Fetching stats for player ID: RobiDa01
Fetched stats for RobiDa01, sleeping for 1.34
Fetching stats for player ID: WortXa00
Fetched stats for WortXa00, sleeping for 1.00
Fetching stats for player ID: GuytTy00
Fetched stats for GuytTy00, sleeping for 1.30
Fetching stats for player ID: WiggNa00
Fetched stats for WiggNa00, sleeping for 1.53
Fetching stats for player ID: PearRi00
